<?xml version="1.0" encoding="UTF-8"?>
<testsuite xmlns:xsi="http://www.w3.org/2001/XMLSchema-instance" xsi:noNamespaceSchemaLocation="https://maven.apache.org/surefire/maven-surefire-plugin/xsd/surefire-test-report.xsd" version="3.0.2" name="com.example.demo.DemoDeployKurbenetApplicationTests" time="20.551" tests="1" errors="0" skipped="0" failures="0">
  <properties>
[...]
</properties>
  <testcase name="contextLoads" classname="com.example.demo.DemoDeployKurbenetApplicationTests" time="4.304">
    <system-out><![CDATA[15:33:33.722 [main] INFO org.springframework.test.context.support.AnnotationConfigContextLoaderUtils -- Could not detect default configuration classes for test class [com.example.demo.DemoDeployKurbenetApplicationTests]: DemoDeployKurbenetApplicationTests does not declare any static, non-private, non-final, nested classes annotated with @Configuration.
15:33:34.217 [main] INFO org.springframework.boot.test.context.SpringBootTestContextBootstrapper -- Found @SpringBootConfiguration com.example.demo.DemoDeployKurbenetApplication for test class com.example.demo.DemoDeployKurbenetApplicationTests

  .   ____          _            __ _ _
 /\\ / ___'_ __ _ _(_)_ __  __ _ \ \ \ \
( ( )\___ | '_ | '_| | '_ \/ _` | \ \ \ \
 \\/  ___)| |_)| | | | | || (_| |  ) ) ) )
  '  |____| .__|_| |_|_| |_\__, | / / / /
 =========|_|==============|___/=/_/_/_/

 :: Spring Boot ::       (v4.0.0-SNAPSHOT)

2025-11-05T15:33:36.258+07:00  INFO 10512 --- [demo-deploy-kurbenet] [           main] c.e.d.DemoDeployKurbenetApplicationTests : Starting DemoDeployKurbenetApplicationTests using Java 21.0.7 with PID 10512 (started by thanh in E:\work\back-end\demo-with-kurbenet\demo)
2025-11-05T15:33:36.265+07:00  INFO 10512 --- [demo-deploy-kurbenet] [           main] c.e.d.DemoDeployKurbenetApplicationTests : No active profile set, falling back to 1 default profile: "default"
2025-11-05T15:33:48.865+07:00  INFO 10512 --- [demo-deploy-kurbenet] [           main] c.e.d.DemoDeployKurbenetApplicationTests : Started DemoDeployKurbenetApplicationTests in 13.916 seconds (process running for 19.478)
]]></system-out>
    <system-err><![CDATA[Mockito is currently self-attaching to enable the inline-mock-maker. This will no longer work in future releases of the JDK. Please add Mockito as an agent to your build as described in Mockito's documentation: https://javadoc.io/doc/org.mockito/mockito-core/latest/org.mockito/org/mockito/Mockito.html#0.3
WARNING: A Java agent has been loaded dynamically (C:\Users\thanh\.m2\repository\net\bytebuddy\byte-buddy-agent\1.17.8\byte-buddy-agent-1.17.8.jar)
WARNING: If a serviceability tool is in use, please run with -XX:+EnableDynamicAgentLoading to hide this warning
WARNING: If a serviceability tool is not in use, please run with -Djdk.instrument.traceUsage for more information
WARNING: Dynamic loading of agents will be disallowed by default in a future release
]]></system-err>
  </testcase>
</testsuite>